<?xml version="1.0" encoding="UTF-8"?>
<testng-results skipped="0" failed="0" total="1" passed="1">
  <reporter-output>
  </reporter-output>
  <suite name="Default suite" duration-ms="56916" started-at="2019-04-16T16:28:17Z" finished-at="2019-04-16T16:29:14Z">
    <groups>
    </groups>
    <test name="Default test" duration-ms="56916" started-at="2019-04-16T16:28:17Z" finished-at="2019-04-16T16:29:14Z">
      <class name="com.windowhandles.window_haandle">
        <test-method status="PASS" signature="HandleMultipleWindow()[pri:0, instance:com.windowhandles.window_haandle@17d0578]" name="HandleMultipleWindow" duration-ms="56900" started-at="2019-04-16T11:28:17Z" finished-at="2019-04-16T11:29:14Z">
          <reporter-output>
          </reporter-output>
        </test-method> <!-- HandleMultipleWindow -->
      </class> <!-- com.windowhandles.window_haandle -->
    </test> <!-- Default test -->
  </suite> <!-- Default suite -->
</testng-results>
